Using pre-set license
Built from '2020.3/staging' branch; Version is '2020.3.22f1 (e1a7f79fd887) revision 14788599'; Using compiler version '192528614'; Build Type 'Release'
OS: 'Windows 10 Home Single Language; OS build 19045.3086; Version 2009; 64bit' Language: 'ru' Physical Memory: 5986 MB
BatchMode: 1, IsHumanControllingUs: 0, StartBugReporterOnCrash: 0, Is64bit: 1, IsPro: 0

COMMAND LINE ARGUMENTS:
D:\program\Unity_file_C\2020.3.22f1\Editor\Unity.exe
-adb2
-batchMode
-noUpm
-name
AssetImportWorker1
-projectPath
D:/alex_work/Unity Project 2023/2D/Time
-logFile
Logs/AssetImportWorker1.log
-srvPort
51867
Successfully changed project path to: D:/alex_work/Unity Project 2023/2D/Time
D:/alex_work/Unity Project 2023/2D/Time
Using Asset Import Pipeline V2.
Refreshing native plugins compatible for Editor in 687.09 ms, found 3 plugins.
Preloading 0 native plugins for Editor in 0.00 ms.
Initialize engine version: 2020.3.22f1 (e1a7f79fd887)
[Subsystems] Discovering subsystems at path D:/program/Unity_file_C/2020.3.22f1/Editor/Data/Resources/UnitySubsystems
[Subsystems] Discovering subsystems at path D:/alex_work/Unity Project 2023/2D/Time/Assets
GfxDevice: creating device client; threaded=0
Direct3D:
    Version:  Direct3D 11.0 [level 11.1]
    Renderer: Intel(R) UHD Graphics 630 (ID=0x3e9b)
    Vendor:   
    VRAM:     2993 MB
    Driver:   25.20.100.6576
Initialize mono
Mono path[0] = 'D:/program/Unity_file_C/2020.3.22f1/Editor/Data/Managed'
Mono path[1] = 'D:/program/Unity_file_C/2020.3.22f1/Editor/Data/MonoBleedingEdge/lib/mono/unityjit'
Mono config path = 'D:/program/Unity_file_C/2020.3.22f1/Editor/Data/MonoBleedingEdge/etc'
Using monoOptions --debugger-agent=transport=dt_socket,embedding=1,server=y,suspend=n,address=127.0.0.1:56012
Begin MonoManager ReloadAssembly
